mode: set
app/internal/entity/domain/broker_llm.go:22.55,38.2 1 0
app/internal/entity/domain/broker_llm.go:54.63,69.2 1 0
app/internal/entity/domain/task.go:48.40,50.18 1 1
app/internal/entity/domain/task.go:51.25,52.19 1 1
app/internal/entity/domain/task.go:53.28,54.22 1 1
app/internal/entity/domain/task.go:55.27,56.21 1 1
app/internal/entity/domain/task.go:57.24,58.18 1 1
app/internal/entity/domain/task.go:59.27,60.21 1 1
app/internal/entity/domain/task.go:62.2,62.11 1 1
app/internal/entity/domain/task.go:66.39,67.11 1 1
app/internal/entity/domain/task.go:68.25,69.11 1 1
app/internal/entity/domain/task.go:70.28,71.11 1 1
app/internal/entity/domain/task.go:72.27,73.11 1 1
app/internal/entity/domain/task.go:74.24,75.11 1 1
app/internal/entity/domain/task.go:76.27,77.11 1 1
app/internal/entity/domain/task.go:78.10,79.11 1 1
app/internal/entity/domain/task.go:84.64,85.14 1 1
app/internal/entity/domain/task.go:86.9,87.33 1 1
app/internal/entity/domain/task.go:88.9,89.36 1 1
app/internal/entity/domain/task.go:90.9,91.35 1 1
app/internal/entity/domain/task.go:92.9,93.32 1 1
app/internal/entity/domain/task.go:94.9,95.35 1 1
app/internal/entity/domain/task.go:96.10,97.33 1 1
app/internal/entity/domain/task_broker.go:17.57,20.22 2 0
app/internal/entity/domain/task_broker.go:20.22,22.3 1 0
app/internal/entity/domain/task_broker.go:23.2,23.22 1 0
app/internal/entity/domain/task_broker.go:23.22,25.3 1 0
app/internal/entity/domain/task_broker.go:26.2,26.19 1 0
app/internal/entity/domain/task_broker.go:26.19,28.3 1 0
app/internal/entity/domain/task_broker.go:29.2,29.21 1 0
app/internal/entity/domain/task_broker.go:29.21,31.3 1 0
app/internal/entity/domain/task_broker.go:32.2,32.16 1 0
app/internal/handlers/broker/kafka.go:15.90,17.2 1 1
app/internal/handlers/broker/kafka.go:19.85,26.2 2 1
app/internal/handlers/broker/registry.go:22.53,27.2 1 1
app/internal/handlers/broker/registry.go:29.56,31.44 2 1
app/internal/handlers/broker/registry.go:31.44,33.3 1 1
app/internal/handlers/broker/registry.go:34.2,36.12 3 1
app/internal/handlers/broker/registry.go:39.74,42.9 3 1
app/internal/handlers/broker/registry.go:42.9,45.3 1 1
app/internal/handlers/broker/registry.go:46.2,46.33 1 1
app/internal/handlers/broker/route.go:28.13,30.2 1 1
app/internal/handlers/broker/route.go:32.35,32.53 1 1
app/internal/handlers/broker/route.go:34.74,36.16 2 1
app/internal/handlers/broker/route.go:36.16,39.3 2 1
app/internal/handlers/broker/route.go:41.2,41.46 1 1
app/internal/handlers/broker/route.go:41.46,44.3 2 1
app/internal/handlers/broker/route.go:46.2,47.12 2 1
app/internal/handlers/broker/universal_route.go:33.19,40.2 1 0
app/internal/handlers/broker/universal_route.go:43.41,45.2 1 0
app/internal/handlers/broker/universal_route.go:48.80,50.16 2 0
app/internal/handlers/broker/universal_route.go:50.16,53.3 2 0
app/internal/handlers/broker/universal_route.go:55.2,55.46 1 0
app/internal/handlers/broker/universal_route.go:55.46,58.3 2 0
app/internal/handlers/broker/universal_route.go:60.2,61.12 2 0
app/internal/handlers/broker/universal_validator.go:19.87,21.2 1 0
app/internal/handlers/broker/universal_validator.go:24.86,27.21 2 0
app/internal/handlers/broker/universal_validator.go:27.21,29.3 1 0
app/internal/handlers/broker/universal_validator.go:31.2,32.16 2 0
app/internal/handlers/broker/universal_validator.go:32.16,34.3 1 0
app/internal/handlers/broker/universal_validator.go:37.2,38.16 2 0
app/internal/handlers/broker/universal_validator.go:38.16,40.3 1 0
app/internal/handlers/broker/universal_validator.go:43.2,43.71 1 0
app/internal/handlers/broker/universal_validator.go:43.71,45.3 1 0
app/internal/handlers/broker/universal_validator.go:48.2,49.24 2 0
app/internal/handlers/broker/universal_validator.go:49.24,50.61 1 0
app/internal/handlers/broker/universal_validator.go:50.61,56.4 1 0
app/internal/handlers/broker/universal_validator.go:60.2,68.19 2 0
app/internal/handlers/broker/validator.go:19.77,21.2 1 1
app/internal/handlers/broker/validator.go:29.90,32.21 2 1
app/internal/handlers/broker/validator.go:32.21,34.3 1 1
app/internal/handlers/broker/validator.go:36.2,37.16 2 1
app/internal/handlers/broker/validator.go:37.16,39.3 1 1
app/internal/handlers/broker/validator.go:42.2,43.16 2 1
app/internal/handlers/broker/validator.go:43.16,45.3 1 1
app/internal/handlers/broker/validator.go:48.2,48.71 1 1
app/internal/handlers/broker/validator.go:48.71,50.3 1 1
app/internal/handlers/broker/validator.go:53.2,53.28 1 1
app/internal/handlers/broker/validator.go:53.28,55.3 1 0
app/internal/handlers/broker/validator.go:58.2,58.28 1 1
app/internal/handlers/broker/validator.go:58.28,60.3 1 0
app/internal/handlers/broker/validator.go:61.2,66.16 6 1
app/internal/handlers/broker/workflows/llm/route_llm.go:16.9,17.79 1 1
app/internal/handlers/broker/workflows/llm/route_llm.go:17.79,19.3 1 0
app/internal/handlers/broker/workflows/llm/route_llm.go:21.2,22.26 2 1
app/internal/handlers/broker/workflows/llm/validator_llm.go:19.72,21.2 1 1
app/internal/handlers/broker/workflows/llm/validator_llm.go:24.93,25.19 1 1
app/internal/handlers/broker/workflows/llm/validator_llm.go:25.19,27.3 1 0
app/internal/handlers/broker/workflows/llm/validator_llm.go:30.2,31.16 2 1
app/internal/handlers/broker/workflows/llm/validator_llm.go:31.16,33.3 1 1
app/internal/handlers/broker/workflows/llm/validator_llm.go:36.2,37.24 2 1
app/internal/handlers/broker/workflows/llm/validator_llm.go:37.24,38.61 1 1
app/internal/handlers/broker/workflows/llm/validator_llm.go:38.61,44.4 1 1
app/internal/handlers/broker/workflows/llm/validator_llm.go:48.2,60.19 2 1
app/internal/usecase/task_llm_usecase.go:34.148,42.2 1 1
app/internal/usecase/task_llm_usecase.go:51.22,52.19 1 1
app/internal/usecase/task_llm_usecase.go:52.19,57.3 1 1
app/internal/usecase/task_llm_usecase.go:58.2,58.20 1 1
app/internal/usecase/task_llm_usecase.go:58.20,63.3 1 1
app/internal/usecase/task_llm_usecase.go:64.2,64.19 1 1
app/internal/usecase/task_llm_usecase.go:64.19,69.3 1 1
app/internal/usecase/task_llm_usecase.go:71.2,83.16 6 1
app/internal/usecase/task_llm_usecase.go:83.16,89.3 1 0
app/internal/usecase/task_llm_usecase.go:90.2,91.67 2 1
app/internal/usecase/task_llm_usecase.go:91.67,97.3 1 0
app/internal/usecase/task_llm_usecase.go:99.2,126.97 4 1
app/internal/usecase/task_llm_usecase.go:126.97,143.3 2 1
app/internal/usecase/task_llm_usecase.go:145.2,146.15 2 1
app/internal/usecase/task_llm_usecase.go:146.15,147.19 1 1
app/internal/usecase/task_llm_usecase.go:147.19,148.89 1 1
app/internal/usecase/task_llm_usecase.go:148.89,155.5 1 0
app/internal/usecase/task_llm_usecase.go:160.2,160.63 1 1
app/internal/usecase/task_llm_usecase.go:160.63,173.3 2 1
app/internal/usecase/task_llm_usecase.go:175.2,177.93 3 1
app/internal/usecase/task_llm_usecase.go:177.93,185.116 2 1
app/internal/usecase/task_llm_usecase.go:185.116,191.4 1 0
app/internal/usecase/task_llm_usecase.go:193.3,200.5 1 1
app/internal/usecase/task_llm_usecase.go:203.2,213.20 3 1
app/internal/usecase/task_llm_usecase.go:217.95,221.16 3 1
app/internal/usecase/task_llm_usecase.go:221.16,233.3 2 1
app/internal/usecase/task_llm_usecase.go:235.2,236.18 2 1
app/internal/usecase/task_llm_usecase.go:239.97,247.9 3 1
app/internal/usecase/task_llm_usecase.go:247.9,253.3 2 0
app/internal/usecase/task_llm_usecase.go:255.2,255.20 1 1
app/internal/usecase/task_llm_usecase.go:256.35,259.17 2 1
app/internal/usecase/task_llm_usecase.go:259.17,261.4 1 0
app/internal/usecase/task_llm_usecase.go:262.3,262.49 1 1
app/internal/usecase/task_llm_usecase.go:262.49,264.4 1 0
app/internal/usecase/task_llm_usecase.go:265.3,265.110 1 1
app/internal/usecase/task_llm_usecase.go:266.34,268.17 2 1
app/internal/usecase/task_llm_usecase.go:268.17,270.4 1 0
app/internal/usecase/task_llm_usecase.go:271.3,271.48 1 1
app/internal/usecase/task_llm_usecase.go:271.48,273.4 1 0
app/internal/usecase/task_llm_usecase.go:274.3,274.127 1 1
app/internal/usecase/task_llm_usecase.go:275.31,277.17 2 1
app/internal/usecase/task_llm_usecase.go:277.17,279.4 1 0
app/internal/usecase/task_llm_usecase.go:280.3,280.45 1 1
app/internal/usecase/task_llm_usecase.go:280.45,282.4 1 0
app/internal/usecase/task_llm_usecase.go:283.3,283.107 1 1
app/internal/usecase/task_llm_usecase.go:284.32,286.13 2 0
app/internal/usecase/task_llm_usecase.go:287.34,289.13 2 0
app/internal/usecase/task_llm_usecase.go:290.10,296.82 2 0
app/internal/usecase/task_processor_factory.go:14.60,18.2 1 0
app/internal/usecase/task_processor_factory.go:21.99,23.13 2 0
app/internal/usecase/task_processor_factory.go:23.13,25.3 1 0
app/internal/usecase/task_processor_factory.go:26.2,26.23 1 0
app/internal/usecase/task_processor_factory.go:30.109,33.2 2 0
app/internal/usecase/unified_task_uc.go:28.18,35.2 1 1
app/internal/usecase/unified_task_uc.go:38.101,40.24 2 1
app/internal/usecase/unified_task_uc.go:40.24,42.3 1 0
app/internal/usecase/unified_task_uc.go:44.2,57.54 3 1
app/internal/usecase/unified_task_uc.go:57.54,64.3 2 1
app/internal/usecase/unified_task_uc.go:66.2,72.20 2 1
app/internal/usecase/unified_task_uc.go:76.95,80.16 3 1
app/internal/usecase/unified_task_uc.go:80.16,86.3 2 1
app/internal/usecase/unified_task_uc.go:88.2,89.18 2 1
app/internal/usecase/unified_task_uc.go:93.94,103.9 4 1
app/internal/usecase/unified_task_uc.go:103.9,109.3 2 1
app/internal/usecase/unified_task_uc.go:112.2,113.16 2 1
app/internal/usecase/unified_task_uc.go:113.16,119.3 2 1
app/internal/usecase/unified_task_uc.go:122.2,122.20 1 1
app/internal/usecase/unified_task_uc.go:123.35,124.49 1 1
app/internal/usecase/unified_task_uc.go:124.49,127.4 2 0
app/internal/usecase/unified_task_uc.go:128.3,128.104 1 1
app/internal/usecase/unified_task_uc.go:129.34,130.48 1 1
app/internal/usecase/unified_task_uc.go:130.48,133.4 2 0
app/internal/usecase/unified_task_uc.go:135.3,136.10 2 1
app/internal/usecase/unified_task_uc.go:136.10,139.4 2 0
app/internal/usecase/unified_task_uc.go:140.3,141.17 2 1
app/internal/usecase/unified_task_uc.go:141.17,144.4 2 0
app/internal/usecase/unified_task_uc.go:145.3,145.115 1 1
app/internal/usecase/unified_task_uc.go:146.31,147.45 1 1
app/internal/usecase/unified_task_uc.go:147.45,150.4 2 0
app/internal/usecase/unified_task_uc.go:152.3,153.61 2 1
app/internal/usecase/unified_task_uc.go:153.61,154.57 1 1
app/internal/usecase/unified_task_uc.go:154.57,156.5 1 1
app/internal/usecase/unified_task_uc.go:158.3,158.85 1 1
app/internal/usecase/unified_task_uc.go:159.32,161.13 2 0
app/internal/usecase/unified_task_uc.go:162.34,164.13 2 0
app/internal/usecase/unified_task_uc.go:165.10,167.13 2 0
app/internal/usecase/unified_task_uc.go:172.83,175.16 2 1
app/internal/usecase/unified_task_uc.go:175.16,178.3 2 1
app/internal/usecase/unified_task_uc.go:181.2,182.13 2 1
app/internal/usecase/unified_task_uc.go:182.13,185.3 2 1
app/internal/usecase/unified_task_uc.go:187.2,191.16 3 1
app/internal/usecase/unified_task_uc.go:191.16,194.3 2 1
app/internal/usecase/unified_task_uc.go:197.2,197.99 1 1
app/internal/usecase/unified_task_uc.go:197.99,200.3 2 0
app/internal/usecase/unified_task_uc.go:203.2,203.53 1 1
app/internal/usecase/unified_task_uc.go:203.53,206.116 2 1
app/internal/usecase/unified_task_uc.go:206.116,208.4 1 0
app/internal/usecase/unified_task_uc.go:209.3,209.13 1 1
app/internal/usecase/unified_task_uc.go:212.2,213.12 2 1
app/internal/usecase/usecase.go:10.92,15.2 1 0
app/internal/handlers/broker/extractors/header_extractor.go:25.67,27.2 1 1
app/internal/handlers/broker/extractors/header_extractor.go:30.78,31.33 1 1
app/internal/handlers/broker/extractors/header_extractor.go:31.33,32.41 1 1
app/internal/handlers/broker/extractors/header_extractor.go:32.41,34.4 1 1
app/internal/handlers/broker/extractors/header_extractor.go:36.2,36.49 1 1
app/internal/handlers/broker/extractors/header_extractor.go:40.84,41.33 1 1
app/internal/handlers/broker/extractors/header_extractor.go:41.33,42.43 1 1
app/internal/handlers/broker/extractors/header_extractor.go:42.43,45.24 3 1
app/internal/handlers/broker/extractors/header_extractor.go:45.24,47.5 1 0
app/internal/handlers/broker/extractors/header_extractor.go:48.4,48.27 1 1
app/internal/handlers/broker/extractors/header_extractor.go:51.2,51.54 1 1
app/internal/handlers/broker/extractors/header_extractor.go:55.86,56.33 1 1
app/internal/handlers/broker/extractors/header_extractor.go:56.33,57.42 1 1
app/internal/handlers/broker/extractors/header_extractor.go:57.42,60.18 3 1
app/internal/handlers/broker/extractors/header_extractor.go:60.18,62.5 1 1
app/internal/handlers/broker/extractors/header_extractor.go:63.4,63.19 1 1
app/internal/handlers/broker/extractors/header_extractor.go:66.2,66.53 1 1
app/internal/handlers/broker/extractors/header_extractor.go:70.99,72.16 2 1
app/internal/handlers/broker/extractors/header_extractor.go:72.16,74.3 1 1
app/internal/handlers/broker/extractors/header_extractor.go:76.2,77.16 2 1
app/internal/handlers/broker/extractors/header_extractor.go:77.16,79.3 1 1
app/internal/handlers/broker/extractors/header_extractor.go:81.2,82.16 2 1
app/internal/handlers/broker/extractors/header_extractor.go:82.16,84.3 1 1
app/internal/handlers/broker/extractors/header_extractor.go:86.2,90.8 1 1
app/internal/handlers/restapi/v1/error_handler.go:14.71,24.9 3 1
app/internal/handlers/restapi/v1/error_handler.go:25.18,26.9 1 0
app/internal/handlers/restapi/v1/error_handler.go:28.30,34.9 4 0
app/internal/handlers/restapi/v1/error_handler.go:36.10,37.50 1 1
app/internal/handlers/restapi/v1/error_handler.go:37.50,48.25 3 1
app/internal/handlers/restapi/v1/error_handler.go:48.25,50.5 1 1
app/internal/handlers/restapi/v1/error_handler.go:52.4,52.20 1 1
app/internal/handlers/restapi/v1/error_handler.go:53.17,54.45 1 1
app/internal/handlers/restapi/v1/error_handler.go:55.16,56.33 1 1
app/internal/handlers/restapi/v1/error_handler.go:57.16,58.33 1 1
app/internal/handlers/restapi/v1/error_handler.go:61.4,62.10 2 1
app/internal/handlers/restapi/v1/error_handler.go:66.3,74.80 3 0
app/internal/handlers/restapi/v1/error_handler.go:78.58,79.9 1 1
app/internal/handlers/restapi/v1/error_handler.go:80.29,81.17 1 1
app/internal/handlers/restapi/v1/error_handler.go:82.29,83.16 1 1
app/internal/handlers/restapi/v1/error_handler.go:84.29,85.16 1 1
app/internal/handlers/restapi/v1/error_handler.go:86.10,87.16 1 0
app/internal/handlers/restapi/v1/error_handler.go:92.40,95.2 2 1
app/internal/handlers/restapi/v1/error_handler.go:98.74,101.2 2 0
app/internal/handlers/restapi/v1/handle.go:50.41,57.20 4 1
app/internal/handlers/restapi/v1/handle.go:57.20,64.3 2 1
app/internal/handlers/restapi/v1/handle.go:66.2,67.38 2 1
app/internal/handlers/restapi/v1/handle.go:67.38,74.3 2 1
app/internal/handlers/restapi/v1/handle.go:75.2,85.16 4 1
app/internal/handlers/restapi/v1/handle.go:85.16,88.3 2 1
app/internal/handlers/restapi/v1/handle.go:90.2,99.16 2 1
app/internal/handlers/restapi/v1/handle.go:113.42,119.16 3 1
app/internal/handlers/restapi/v1/handle.go:119.16,126.3 2 1
app/internal/handlers/restapi/v1/handle.go:128.2,132.16 4 1
app/internal/handlers/restapi/v1/handle.go:132.16,135.3 2 1
app/internal/handlers/restapi/v1/handle.go:137.2,143.16 2 1
app/internal/handlers/restapi/v1/router.go:12.103,21.2 3 1
app/internal/handlers/restapi/v1/router.go:21.2,24.3 2 1
app/internal/handlers/restapi/v1/validatior.go:9.66,11.52 2 0
app/internal/handlers/restapi/v1/validatior.go:11.52,12.25 1 0
app/internal/handlers/restapi/v1/validatior.go:12.25,18.4 1 0
app/internal/handlers/restapi/v1/validatior.go:20.2,20.25 1 0
app/internal/handlers/restapi/v1/validatior.go:24.59,25.18 1 0
app/internal/handlers/restapi/v1/validatior.go:26.18,27.76 1 0
app/internal/handlers/restapi/v1/validatior.go:28.13,29.77 1 0
app/internal/handlers/restapi/v1/validatior.go:30.13,31.77 1 0
app/internal/handlers/restapi/v1/validatior.go:32.15,33.78 1 0
app/internal/handlers/restapi/v1/validatior.go:34.15,35.82 1 0
app/internal/handlers/restapi/v1/validatior.go:37.2,37.66 1 0
app/cmd/api/main.go:24.13,32.16 5 0
app/cmd/api/main.go:32.16,35.3 2 0
app/cmd/api/main.go:39.2,55.16 3 0
app/cmd/api/main.go:55.16,58.3 2 0
app/cmd/api/main.go:59.2,76.16 6 0
app/cmd/api/main.go:76.16,79.3 2 0
app/cmd/api/main.go:81.2,92.16 3 0
app/cmd/api/main.go:92.16,95.3 2 0
app/cmd/api/main.go:97.2,105.16 2 0
app/cmd/api/main.go:105.16,108.3 2 0
app/cmd/api/main.go:111.2,136.76 10 0
app/cmd/api/main.go:136.76,139.3 2 0
app/cmd/api/main.go:140.2,163.16 9 0
app/cmd/api/main.go:163.16,166.3 2 0
app/cmd/api/main.go:169.2,169.12 1 0
app/cmd/api/main.go:169.12,171.41 2 0
app/cmd/api/main.go:171.41,173.4 1 0
app/cmd/api/main.go:174.3,174.35 1 0
app/cmd/api/main.go:178.2,195.38 13 0
app/config/config.go:130.48,134.65 2 0
app/config/config.go:134.65,136.48 1 0
app/config/config.go:136.48,138.4 1 0
app/config/config.go:139.3,139.58 1 0
app/config/config.go:140.8,142.3 1 0
app/config/config.go:145.2,146.46 2 0
app/config/config.go:146.46,148.3 1 0
app/config/config.go:150.2,150.18 1 0
app/config/manager.go:21.55,23.16 2 0
app/config/manager.go:23.16,25.3 1 0
app/config/manager.go:27.2,28.16 2 0
app/config/manager.go:28.16,30.3 1 0
app/config/manager.go:32.2,38.21 2 0
app/config/manager.go:42.49,44.16 2 0
app/config/manager.go:44.16,46.3 1 0
app/config/manager.go:48.2,52.23 4 0
app/config/manager.go:56.33,60.2 3 0
app/config/manager.go:63.71,64.50 1 0
app/config/manager.go:64.50,66.3 1 0
app/config/manager.go:69.2,72.12 3 0
app/config/manager.go:72.12,75.7 2 0
app/config/manager.go:75.7,76.11 1 0
app/config/manager.go:77.22,79.11 2 0
app/config/manager.go:80.41,81.12 1 0
app/config/manager.go:81.12,83.6 1 0
app/config/manager.go:85.5,85.50 1 0
app/config/manager.go:85.50,88.46 2 0
app/config/manager.go:88.46,90.15 2 0
app/config/manager.go:93.6,93.58 1 0
app/config/manager.go:95.39,96.12 1 0
app/config/manager.go:96.12,98.6 1 0
app/config/manager.go:99.5,99.64 1 0
app/config/manager.go:104.2,104.12 1 0
app/config/manager.go:108.26,109.21 1 0
app/config/manager.go:109.21,111.3 1 0
app/config/manager.go:115.62,119.44 3 0
app/config/manager.go:119.44,120.56 1 0
app/config/manager.go:120.56,122.4 1 0
app/config/manager.go:125.2,125.12 1 0
app/config/manager.go:129.52,134.44 4 0
app/config/manager.go:134.44,135.25 1 0
app/config/manager.go:135.25,137.4 1 0
app/config/manager.go:140.2,140.22 1 0
app/docs/docs.go:233.13,235.2 1 0
app/internal/entity/errors/errors.go:58.52,64.2 1 0
app/internal/entity/errors/errors.go:66.35,67.23 1 0
app/internal/entity/errors/errors.go:67.23,69.3 1 0
app/internal/entity/errors/errors.go:70.2,70.18 1 0
app/internal/entity/errors/errors.go:73.35,75.2 1 0
app/internal/entity/errors/errors.go:78.64,91.2 3 0
app/internal/entity/errors/errors.go:94.53,97.2 2 0
app/internal/entity/errors/errors.go:100.74,103.2 2 0
app/internal/entity/errors/errors.go:142.46,145.29 2 0
app/internal/entity/errors/errors.go:145.29,147.3 1 0
app/internal/entity/errors/errors.go:148.2,148.19 1 0
app/internal/handlers/restapi/middleware/logger.go:12.49,13.30 1 0
app/internal/handlers/restapi/middleware/logger.go:13.30,36.18 10 0
app/internal/handlers/restapi/middleware/logger.go:36.18,38.4 1 0
app/internal/handlers/restapi/middleware/logger.go:40.3,40.23 1 0
app/internal/handlers/restapi/middleware/logger.go:40.23,42.4 1 0
app/internal/handlers/restapi/middleware/logger.go:42.9,44.4 1 0
app/internal/handlers/restapi/middleware/recovery.go:14.64,23.2 1 0
app/internal/handlers/restapi/middleware/recovery.go:25.51,26.30 1 0
app/internal/handlers/restapi/middleware/recovery.go:26.30,27.16 1 0
app/internal/handlers/restapi/middleware/recovery.go:27.16,28.36 1 0
app/internal/handlers/restapi/middleware/recovery.go:28.36,41.5 3 0
app/internal/handlers/restapi/middleware/recovery.go:43.3,43.11 1 0
app/internal/handlers/restapi/middleware/request_id.go:8.34,9.30 1 0
app/internal/handlers/restapi/middleware/request_id.go:9.30,11.22 2 0
app/internal/handlers/restapi/middleware/request_id.go:11.22,13.4 1 0
app/internal/handlers/restapi/middleware/request_id.go:14.3,16.11 3 0
app/internal/infrastructure/adapter/database/postgres/task_repository.go:21.60,23.2 1 0
app/internal/infrastructure/adapter/database/postgres/task_repository.go:25.79,32.16 3 0
app/internal/infrastructure/adapter/database/postgres/task_repository.go:32.16,34.3 1 0
app/internal/infrastructure/adapter/database/postgres/task_repository.go:36.2,37.16 2 0
app/internal/infrastructure/adapter/database/postgres/task_repository.go:37.16,39.3 1 0
app/internal/infrastructure/adapter/database/postgres/task_repository.go:40.2,40.12 1 0
app/internal/infrastructure/adapter/database/postgres/task_repository.go:43.95,65.26 9 0
app/internal/infrastructure/adapter/database/postgres/task_repository.go:65.26,67.3 1 0
app/internal/infrastructure/adapter/database/postgres/task_repository.go:69.2,69.16 1 0
app/internal/infrastructure/adapter/database/postgres/task_repository.go:69.16,71.3 1 0
app/internal/infrastructure/adapter/database/postgres/task_repository.go:73.2,73.27 1 0
app/internal/infrastructure/adapter/database/postgres/task_repository.go:73.27,74.70 1 0
app/internal/infrastructure/adapter/database/postgres/task_repository.go:74.70,76.4 1 0
app/internal/infrastructure/adapter/database/postgres/task_repository.go:79.2,79.21 1 0
app/internal/infrastructure/adapter/database/postgres/task_repository.go:79.21,81.3 1 0
app/internal/infrastructure/adapter/database/postgres/task_repository.go:82.2,85.22 3 0
app/internal/infrastructure/adapter/database/postgres/task_repository.go:85.22,87.3 1 0
app/internal/infrastructure/adapter/database/postgres/task_repository.go:88.2,88.20 1 0
app/internal/infrastructure/adapter/database/postgres/task_repository.go:88.20,90.17 2 0
app/internal/infrastructure/adapter/database/postgres/task_repository.go:90.17,92.4 1 0
app/internal/infrastructure/adapter/database/postgres/task_repository.go:93.3,93.30 1 0
app/internal/infrastructure/adapter/database/postgres/task_repository.go:95.2,95.25 1 0
app/internal/infrastructure/adapter/database/postgres/task_repository.go:95.25,97.3 1 0
app/internal/infrastructure/adapter/database/postgres/task_repository.go:98.2,98.25 1 0
app/internal/infrastructure/adapter/database/postgres/task_repository.go:98.25,99.66 1 0
app/internal/infrastructure/adapter/database/postgres/task_repository.go:99.66,101.4 1 0
app/internal/infrastructure/adapter/database/postgres/task_repository.go:104.2,104.19 1 0
app/internal/infrastructure/adapter/database/postgres/task_repository.go:107.132,123.16 3 0
app/internal/infrastructure/adapter/database/postgres/task_repository.go:123.16,125.3 1 0
app/internal/infrastructure/adapter/database/postgres/task_repository.go:126.2,126.32 1 0
app/internal/infrastructure/adapter/database/postgres/task_repository.go:126.32,128.3 1 0
app/internal/infrastructure/adapter/database/postgres/task_repository.go:129.2,129.12 1 0
app/internal/infrastructure/adapter/database/postgres/task_repository.go:133.156,141.16 3 0
app/internal/infrastructure/adapter/database/postgres/task_repository.go:141.16,143.3 1 0
app/internal/infrastructure/adapter/database/postgres/task_repository.go:144.2,144.32 1 0
app/internal/infrastructure/adapter/database/postgres/task_repository.go:144.32,146.3 1 0
app/internal/infrastructure/adapter/database/postgres/task_repository.go:147.2,147.12 1 0
app/internal/infrastructure/adapter/database/postgres/task_repository.go:150.134,159.16 3 0
app/internal/infrastructure/adapter/database/postgres/task_repository.go:159.16,161.3 1 0
app/internal/infrastructure/adapter/database/postgres/task_repository.go:162.2,162.32 1 0
app/internal/infrastructure/adapter/database/postgres/task_repository.go:162.32,164.3 1 0
app/internal/infrastructure/adapter/database/postgres/task_repository.go:165.2,165.12 1 0
app/internal/infrastructure/adapter/database/postgres/task_repository.go:168.121,177.16 3 0
app/internal/infrastructure/adapter/database/postgres/task_repository.go:177.16,179.3 1 0
app/internal/infrastructure/adapter/database/postgres/task_repository.go:180.2,183.18 3 0
app/internal/infrastructure/adapter/database/postgres/task_repository.go:183.18,185.80 2 0
app/internal/infrastructure/adapter/database/postgres/task_repository.go:185.80,187.4 1 0
app/internal/infrastructure/adapter/database/postgres/task_repository.go:188.3,188.31 1 0
app/internal/infrastructure/adapter/database/postgres/task_repository.go:190.2,190.26 1 0
app/internal/handlers/restapi/router.go:24.97,37.2 5 0
app/internal/handlers/restapi/router.go:37.2,38.44 1 0
app/internal/handlers/restapi/router.go:38.44,40.4 1 0
app/internal/handlers/restapi/router.go:41.3,41.45 1 0
app/internal/handlers/restapi/router.go:41.45,43.4 1 0
app/internal/handlers/restapi/router.go:53.2,53.25 1 0
app/internal/handlers/restapi/router.go:53.25,55.3 1 0
app/internal/handlers/restapi/router.go:58.2,59.2 2 0
app/internal/handlers/restapi/router.go:59.2,61.3 1 0
app/internal/infrastructure/adapter/storage/minio/minio_repository.go:22.87,29.2 1 0
app/internal/infrastructure/adapter/storage/minio/minio_repository.go:31.172,41.22 2 0
app/internal/infrastructure/adapter/storage/minio/minio_repository.go:41.22,43.3 1 0
app/internal/infrastructure/adapter/storage/minio/minio_repository.go:45.2,47.16 2 0
app/internal/infrastructure/adapter/storage/minio/minio_repository.go:47.16,62.3 2 0
app/internal/infrastructure/adapter/storage/minio/minio_repository.go:64.2,78.24 3 0
app/internal/infrastructure/adapter/storage/minio/minio_repository.go:81.83,83.16 2 0
app/internal/infrastructure/adapter/storage/minio/minio_repository.go:83.16,94.3 2 0
app/internal/infrastructure/adapter/storage/minio/minio_repository.go:95.2,96.12 2 0
app/internal/infrastructure/adapter/storage/minio/minio_repository.go:99.112,101.16 2 0
app/internal/infrastructure/adapter/storage/minio/minio_repository.go:101.16,108.53 2 0
app/internal/infrastructure/adapter/storage/minio/minio_repository.go:108.53,115.4 1 0
app/internal/infrastructure/adapter/storage/minio/minio_repository.go:117.3,121.4 1 0
app/internal/infrastructure/adapter/storage/minio/minio_repository.go:124.2,131.8 1 0
app/internal/infrastructure/adapter/storage/minio/minio_repository.go:134.91,137.16 2 0
app/internal/infrastructure/adapter/storage/minio/minio_repository.go:137.16,140.34 2 0
app/internal/infrastructure/adapter/storage/minio/minio_repository.go:140.34,142.4 1 0
app/internal/infrastructure/adapter/storage/minio/minio_repository.go:143.3,152.4 2 0
app/internal/infrastructure/adapter/storage/minio/minio_repository.go:154.2,154.18 1 0
app/internal/infrastructure/adapter/storage/minio/minio_repository.go:158.89,160.2 1 0
app/internal/infrastructure/adapter/storage/minio/minio_repository.go:162.119,171.31 4 0
app/internal/infrastructure/adapter/storage/minio/minio_repository.go:171.31,172.24 1 0
app/internal/infrastructure/adapter/storage/minio/minio_repository.go:172.24,183.4 2 0
app/internal/infrastructure/adapter/storage/minio/minio_repository.go:184.3,191.5 1 0
app/internal/infrastructure/adapter/storage/minio/minio_repository.go:193.2,193.21 1 0
app/internal/infrastructure/adapter/storage/minio/minio_repository.go:197.101,199.2 1 0
app/internal/infrastructure/adapter/storage/minio/minio_repository.go:201.44,203.2 1 0
app/internal/infrastructure/adapter/storage/minio/minio_repository.go:205.86,211.2 1 0
app/pkg/database/connector/sql/postgres/connector.go:19.72,31.16 3 0
app/pkg/database/connector/sql/postgres/connector.go:31.16,34.3 2 0
app/pkg/database/connector/sql/postgres/connector.go:37.2,43.16 6 0
app/pkg/database/connector/sql/postgres/connector.go:43.16,46.3 2 0
app/pkg/database/connector/sql/postgres/connector.go:49.2,49.56 1 0
app/pkg/database/connector/sql/postgres/connector.go:49.56,52.3 2 0
app/pkg/database/connector/sql/postgres/connector.go:54.2,64.8 2 0
app/pkg/database/connector/sql/postgres/connector.go:67.35,71.2 3 0
app/pkg/database/connector/sql/postgres/connector.go:73.42,75.2 1 0
app/pkg/database/connector/sql/postgres/connector.go:77.60,79.2 1 0
app/pkg/database/connector/sql/postgres/connector.go:82.86,84.2 1 0
app/pkg/database/connector/sql/postgres/connector.go:86.101,88.2 1 0
app/pkg/database/connector/sql/postgres/connector.go:91.61,93.2 1 0
app/pkg/cache/inmemory.go:23.40,32.2 3 0
app/pkg/cache/inmemory.go:35.83,40.50 4 0
app/pkg/cache/inmemory.go:40.50,43.3 2 0
app/pkg/cache/inmemory.go:45.2,45.24 1 0
app/pkg/cache/inmemory.go:49.106,60.2 5 0
app/pkg/cache/inmemory.go:63.71,69.2 4 0
app/pkg/cache/inmemory.go:72.79,77.13 4 0
app/pkg/cache/inmemory.go:77.13,79.3 1 0
app/pkg/cache/inmemory.go:81.2,81.39 1 0
app/pkg/cache/inmemory.go:81.39,84.3 2 0
app/pkg/cache/inmemory.go:86.2,86.18 1 0
app/pkg/cache/inmemory.go:90.42,94.21 3 0
app/pkg/cache/inmemory.go:94.21,97.33 3 0
app/pkg/cache/inmemory.go:97.33,98.34 1 0
app/pkg/cache/inmemory.go:98.34,100.5 1 0
app/pkg/cache/inmemory.go:102.3,102.16 1 0
app/pkg/cache/inmemory.go:112.47,116.2 1 0
app/pkg/cache/inmemory.go:119.94,122.2 2 0
app/pkg/cache/inmemory.go:125.116,128.2 2 0
app/pkg/cache/inmemory.go:131.82,134.2 2 0
app/pkg/cache/inmemory.go:137.86,139.2 1 0
app/pkg/cache/redis.go:24.52,34.2 2 0
app/pkg/cache/redis.go:37.81,39.16 2 0
app/pkg/cache/redis.go:39.16,40.23 1 0
app/pkg/cache/redis.go:40.23,42.4 1 0
app/pkg/cache/redis.go:43.3,43.18 1 0
app/pkg/cache/redis.go:46.2,47.61 2 0
app/pkg/cache/redis.go:47.61,49.3 1 0
app/pkg/cache/redis.go:51.2,51.20 1 0
app/pkg/cache/redis.go:55.104,57.16 2 0
app/pkg/cache/redis.go:57.16,59.3 1 0
app/pkg/cache/redis.go:61.2,61.50 1 0
app/pkg/cache/redis.go:65.69,67.2 1 0
app/pkg/cache/redis.go:70.77,72.16 2 0
app/pkg/cache/redis.go:72.16,74.3 1 0
app/pkg/cache/redis.go:75.2,75.23 1 0
app/pkg/database/transaction.go:26.115,29.16 3 0
app/pkg/database/transaction.go:29.16,32.3 2 0
app/pkg/database/transaction.go:34.2,35.15 2 0
app/pkg/database/transaction.go:35.15,36.31 1 0
app/pkg/database/transaction.go:36.31,37.59 1 0
app/pkg/database/transaction.go:37.59,39.5 1 0
app/pkg/database/transaction.go:40.4,40.12 1 0
app/pkg/database/transaction.go:41.9,41.26 1 0
app/pkg/database/transaction.go:41.26,42.59 1 0
app/pkg/database/transaction.go:42.59,44.5 1 0
app/pkg/database/transaction.go:45.9,46.53 1 0
app/pkg/database/transaction.go:46.53,49.5 2 0
app/pkg/database/transaction.go:49.10,51.5 1 0
app/pkg/database/transaction.go:54.2,55.18 2 0
app/pkg/database/transaction.go:55.18,58.3 2 0
app/pkg/database/transaction.go:59.2,59.14 1 0
app/pkg/errors/classifier.go:45.60,47.2 1 0
app/pkg/errors/classifier.go:50.84,54.9 2 0
app/pkg/errors/classifier.go:55.62,56.48 1 0
app/pkg/errors/classifier.go:57.68,58.46 1 0
app/pkg/errors/classifier.go:59.82,60.45 1 0
app/pkg/errors/classifier.go:61.77,62.47 1 0
app/pkg/errors/classifier.go:63.71,64.47 1 0
app/pkg/errors/classifier.go:65.61,66.46 1 0
app/pkg/errors/classifier.go:67.10,68.46 1 0
app/pkg/errors/classifier.go:73.65,82.44 3 0
app/pkg/errors/classifier.go:82.44,83.34 1 0
app/pkg/errors/classifier.go:83.34,85.4 1 0
app/pkg/errors/classifier.go:88.2,88.14 1 0
app/pkg/errors/classifier.go:92.78,97.26 3 0
app/pkg/errors/classifier.go:97.26,99.3 1 0
app/pkg/errors/classifier.go:102.2,105.14 3 0
app/pkg/errors/classifier.go:109.38,111.2 1 0
app/pkg/errors/classifier.go:114.46,115.43 1 0
app/pkg/errors/classifier.go:115.43,116.35 1 0
app/pkg/errors/classifier.go:116.35,118.4 1 0
app/pkg/errors/classifier.go:120.2,120.14 1 0
app/pkg/errors/classifier.go:124.52,125.33 1 0
app/pkg/errors/classifier.go:125.33,126.26 1 0
app/pkg/errors/classifier.go:126.26,128.4 1 0
app/pkg/errors/classifier.go:130.2,130.14 1 0
app/pkg/errors/classifier.go:134.32,137.2 1 0
app/pkg/errors/classifier.go:153.80,157.2 1 0
app/pkg/errors/classifier.go:160.97,167.18 3 0
app/pkg/errors/classifier.go:168.48,171.13 2 0
app/pkg/errors/classifier.go:172.27,174.38 1 0
app/pkg/errors/classifier.go:174.38,177.4 1 0
app/pkg/errors/classifier.go:178.3,178.13 1 0
app/pkg/errors/classifier.go:179.10,181.13 1 0
app/pkg/errors/classifier.go:186.117,189.2 1 0
app/pkg/errors/classifier.go:192.115,195.2 1 0
app/pkg/errors/classifier.go:206.40,213.2 1 0
app/pkg/errors/classifier.go:216.77,218.25 2 0
app/pkg/errors/classifier.go:218.25,220.3 1 0
app/pkg/errors/classifier.go:221.2,221.14 1 0
app/pkg/errors/classifier.go:225.72,227.25 2 0
app/pkg/errors/classifier.go:227.25,229.3 1 0
app/pkg/errors/classifier.go:230.2,230.14 1 0
app/pkg/deduplication/deduplicator.go:30.71,40.2 3 0
app/pkg/deduplication/deduplicator.go:43.97,45.61 2 0
app/pkg/deduplication/deduplicator.go:45.61,46.39 1 0
app/pkg/deduplication/deduplicator.go:46.39,48.4 1 0
app/pkg/deduplication/deduplicator.go:50.3,50.33 1 0
app/pkg/deduplication/deduplicator.go:53.2,53.19 1 0
app/pkg/deduplication/deduplicator.go:57.112,60.2 2 0
app/pkg/deduplication/deduplicator.go:63.126,67.2 3 0
app/pkg/deduplication/deduplicator.go:70.50,74.21 3 0
app/pkg/deduplication/deduplicator.go:74.21,76.49 2 0
app/pkg/deduplication/deduplicator.go:76.49,77.39 1 0
app/pkg/deduplication/deduplicator.go:77.39,79.5 1 0
app/pkg/deduplication/deduplicator.go:91.67,93.2 1 0
app/pkg/deduplication/deduplicator.go:96.94,99.2 1 0
app/pkg/deduplication/deduplicator.go:102.109,105.2 1 0
app/pkg/deduplication/deduplicator.go:108.123,112.2 3 0
app/pkg/kafka/consumer.go:55.120,67.34 2 0
app/pkg/kafka/consumer.go:67.34,69.3 1 0
app/pkg/kafka/consumer.go:71.2,72.16 2 0
app/pkg/kafka/consumer.go:72.16,75.3 2 0
app/pkg/kafka/consumer.go:77.2,85.8 1 0
app/pkg/kafka/consumer.go:89.145,91.51 1 0
app/pkg/kafka/consumer.go:91.51,93.3 1 0
app/pkg/kafka/consumer.go:95.2,95.55 1 0
app/pkg/kafka/consumer.go:98.53,100.16 2 0
app/pkg/kafka/consumer.go:100.16,103.3 2 0
app/pkg/kafka/consumer.go:105.2,111.12 6 0
app/pkg/kafka/consumer.go:114.33,115.19 1 0
app/pkg/kafka/consumer.go:115.19,119.3 3 0
app/pkg/kafka/consumer.go:120.2,120.12 1 0
app/pkg/kafka/consumer.go:123.50,126.6 2 0
app/pkg/kafka/consumer.go:126.6,127.10 1 0
app/pkg/kafka/consumer.go:128.21,129.10 1 0
app/pkg/kafka/consumer.go:130.11,132.18 2 0
app/pkg/kafka/consumer.go:132.18,133.46 1 0
app/pkg/kafka/consumer.go:133.46,134.29 1 0
app/pkg/kafka/consumer.go:135.29,137.32 1 0
app/pkg/kafka/consumer.go:137.32,143.8 3 0
app/pkg/kafka/consumer.go:144.7,144.15 1 0
app/pkg/kafka/consumer.go:145.64,147.33 1 0
app/pkg/kafka/consumer.go:147.33,150.8 2 0
app/pkg/kafka/consumer.go:151.7,157.20 3 0
app/pkg/kafka/consumer.go:157.20,165.8 3 0
app/pkg/kafka/consumer.go:168.7,169.35 2 0
app/pkg/kafka/consumer.go:169.35,171.8 1 0
app/pkg/kafka/consumer.go:174.7,174.14 1 0
app/pkg/kafka/consumer.go:175.25,176.14 1 0
app/pkg/kafka/consumer.go:177.34,178.16 1 0
app/pkg/kafka/consumer.go:180.14,183.14 2 0
app/pkg/kafka/consumer.go:184.25,185.14 1 0
app/pkg/kafka/consumer.go:186.42,187.16 1 0
app/pkg/kafka/consumer.go:191.5,193.12 2 0
app/pkg/kafka/consumer.go:194.23,195.12 1 0
app/pkg/kafka/consumer.go:196.40,197.14 1 0
app/pkg/kafka/consumer.go:202.4,202.29 1 0
app/pkg/kafka/consumer.go:202.29,208.5 3 0
app/pkg/kafka/consumer.go:211.4,211.41 1 0
app/pkg/kafka/consumer.go:211.41,213.5 1 0
app/pkg/kafka/consumer.go:213.10,215.5 1 0
app/pkg/kafka/consumer.go:221.52,226.6 4 0
app/pkg/kafka/consumer.go:226.6,227.10 1 0
app/pkg/kafka/consumer.go:228.21,230.22 2 0
app/pkg/kafka/consumer.go:230.22,232.5 1 0
app/pkg/kafka/consumer.go:233.4,233.10 1 0
app/pkg/kafka/consumer.go:234.35,235.11 1 0
app/pkg/kafka/consumer.go:235.11,239.5 3 0
app/pkg/kafka/consumer.go:240.4,241.24 2 0
app/pkg/kafka/consumer.go:241.24,244.5 2 0
app/pkg/kafka/consumer.go:245.19,246.22 1 0
app/pkg/kafka/consumer.go:246.22,249.5 2 0
app/pkg/kafka/consumer.go:254.56,255.28 1 0
app/pkg/kafka/consumer.go:255.28,256.56 1 0
app/pkg/kafka/consumer.go:256.56,258.4 1 0
app/pkg/kafka/producer.go:38.79,47.31 2 0
app/pkg/kafka/producer.go:47.31,49.3 1 0
app/pkg/kafka/producer.go:49.8,51.3 1 0
app/pkg/kafka/producer.go:53.2,53.42 1 0
app/pkg/kafka/producer.go:53.42,55.3 1 0
app/pkg/kafka/producer.go:57.2,57.32 1 0
app/pkg/kafka/producer.go:57.32,59.3 1 0
app/pkg/kafka/producer.go:62.2,65.16 3 0
app/pkg/kafka/producer.go:65.16,67.3 1 0
app/pkg/kafka/producer.go:69.2,72.8 1 0
app/pkg/kafka/producer.go:76.130,83.16 3 0
app/pkg/kafka/producer.go:83.16,90.3 2 0
app/pkg/kafka/producer.go:92.2,102.9 4 0
app/pkg/kafka/producer.go:103.20,105.13 1 0
app/pkg/kafka/producer.go:105.13,106.11 1 0
app/pkg/kafka/producer.go:107.30,108.78 1 0
app/pkg/kafka/producer.go:108.78,114.6 1 0
app/pkg/kafka/producer.go:115.46,115.46 0 0
app/pkg/kafka/producer.go:118.3,118.19 1 0
app/pkg/kafka/producer.go:119.28,120.25 1 0
app/pkg/kafka/producer.go:121.23,122.37 1 0
app/pkg/kafka/producer.go:122.37,129.5 2 0
app/pkg/kafka/producer.go:130.4,136.14 2 0
app/pkg/kafka/producer.go:139.2,139.12 1 0
app/pkg/kafka/producer.go:142.78,144.34 2 0
app/pkg/kafka/producer.go:144.34,146.3 1 0
app/pkg/kafka/producer.go:147.2,147.23 1 0
app/pkg/kafka/producer.go:151.34,153.19 2 0
app/pkg/kafka/producer.go:153.19,160.41 4 0
app/pkg/kafka/producer.go:160.41,161.11 1 0
app/pkg/kafka/producer.go:162.35,163.78 1 0
app/pkg/kafka/producer.go:163.78,165.6 1 0
app/pkg/kafka/producer.go:166.12,167.19 1 0
app/pkg/kafka/producer.go:170.3,170.27 1 0
app/pkg/kafka/producer.go:170.27,172.4 1 0
app/pkg/kafka/producer.go:173.3,173.19 1 0
app/pkg/kafka/producer.go:175.2,175.12 1 0
app/pkg/limits/limits.go:45.56,54.2 1 0
app/pkg/limits/limits.go:57.141,60.2 2 0
app/pkg/limits/limits.go:63.77,64.55 1 0
app/pkg/limits/limits.go:64.55,66.3 1 0
app/pkg/limits/limits.go:68.2,68.26 1 0
app/pkg/limits/limits.go:72.86,74.2 1 0
app/pkg/limits/limits.go:89.48,93.2 1 0
app/pkg/limits/limits.go:96.54,98.2 1 0
app/pkg/limits/limits.go:101.62,105.13 3 0
app/pkg/limits/limits.go:105.13,114.3 2 0
app/pkg/limits/limits.go:114.8,116.49 1 0
app/pkg/limits/limits.go:116.49,119.4 2 0
app/pkg/limits/limits.go:123.2,123.35 1 0
app/pkg/limits/limits.go:123.35,125.3 1 0
app/pkg/limits/limits.go:127.2,128.13 2 0
app/pkg/limits/limits.go:138.62,143.2 1 0
app/pkg/limits/limits.go:146.79,149.2 2 0
app/pkg/limits/limits.go:152.94,154.13 2 0
app/pkg/limits/limits.go:154.13,156.3 1 0
app/pkg/limits/limits.go:158.2,158.9 1 0
app/pkg/limits/limits.go:159.31,160.13 1 0
app/pkg/limits/limits.go:161.20,162.19 1 0
app/pkg/limits/limits.go:167.67,169.12 2 0
app/pkg/limits/limits.go:169.12,170.10 1 0
app/pkg/limits/limits.go:171.20,171.20 0 0
app/pkg/limits/limits.go:172.11,172.11 0 0
app/pkg/limits/limits.go:179.76,181.13 2 0
app/pkg/limits/limits.go:181.13,183.3 1 0
app/pkg/limits/limits.go:184.2,184.40 1 0
app/pkg/limits/limits.go:208.62,218.2 1 0
app/pkg/limits/limits.go:221.128,225.57 3 0
app/pkg/limits/limits.go:225.57,233.3 2 0
app/pkg/limits/limits.go:236.2,236.28 1 0
app/pkg/limits/limits.go:236.28,238.3 1 0
app/pkg/limits/limits.go:240.2,240.12 1 0
app/pkg/limits/limits.go:244.125,246.13 2 0
app/pkg/limits/limits.go:246.13,248.3 1 0
app/pkg/limits/limits.go:250.2,250.19 1 0
app/pkg/httpserver/option.go:9.28,10.25 1 0
app/pkg/httpserver/option.go:10.25,12.3 1 0
app/pkg/httpserver/option.go:15.35,16.25 1 0
app/pkg/httpserver/option.go:16.25,18.3 1 0
app/pkg/httpserver/option.go:21.48,22.25 1 0
app/pkg/httpserver/option.go:22.25,24.3 1 0
app/pkg/httpserver/option.go:27.49,28.25 1 0
app/pkg/httpserver/option.go:28.25,30.3 1 0
app/pkg/httpserver/option.go:33.52,34.25 1 0
app/pkg/httpserver/option.go:34.25,36.3 1 0
app/pkg/httpserver/server.go:38.54,60.27 5 0
app/pkg/httpserver/server.go:60.27,62.3 1 0
app/pkg/httpserver/server.go:65.2,76.10 4 0
app/pkg/httpserver/server.go:79.26,80.23 1 0
app/pkg/httpserver/server.go:80.23,82.82 2 0
app/pkg/httpserver/server.go:82.82,87.4 4 0
app/pkg/httpserver/server.go:88.3,88.13 1 0
app/pkg/httpserver/server.go:92.40,94.2 1 0
app/pkg/httpserver/server.go:96.35,102.84 4 0
app/pkg/httpserver/server.go:102.84,105.3 2 0
app/pkg/httpserver/server.go:107.2,107.73 1 0
app/pkg/httpserver/server.go:107.73,110.3 2 0
app/pkg/httpserver/server.go:112.2,113.39 2 0
app/pkg/httpserver/server.go:116.39,118.2 1 0
app/pkg/logger/centralized.go:31.92,41.2 2 0
app/pkg/logger/centralized.go:44.82,46.2 1 0
app/pkg/logger/centralized.go:49.84,51.51 1 0
app/pkg/logger/centralized.go:51.51,53.3 1 0
app/pkg/logger/centralized.go:56.2,56.23 1 0
app/pkg/logger/centralized.go:56.23,58.3 1 0
app/pkg/logger/centralized.go:61.2,63.12 2 0
app/pkg/logger/centralized.go:67.72,73.2 1 0
app/pkg/logger/centralized.go:76.66,82.2 1 0
app/pkg/logger/centralized.go:85.68,89.16 3 0
app/pkg/logger/centralized.go:89.16,92.3 1 0
app/pkg/logger/centralized.go:94.2,95.16 2 0
app/pkg/logger/centralized.go:95.16,97.3 1 0
app/pkg/logger/centralized.go:99.2,100.26 2 0
app/pkg/logger/centralized.go:100.26,102.3 1 0
app/pkg/logger/centralized.go:104.2,105.16 2 0
app/pkg/logger/centralized.go:105.16,107.3 1 0
app/pkg/logger/centralized.go:108.2,108.25 1 0
app/pkg/logger/centralized.go:114.88,124.41 2 0
app/pkg/logger/centralized.go:124.41,127.3 2 0
app/pkg/logger/centralized.go:129.2,129.14 1 0
app/pkg/logger/centralized.go:144.74,151.2 1 0
app/pkg/logger/centralized.go:154.71,155.23 1 0
app/pkg/logger/centralized.go:155.23,157.3 1 0
app/pkg/logger/centralized.go:159.2,160.16 2 0
app/pkg/logger/centralized.go:160.16,162.3 1 0
app/pkg/logger/centralized.go:164.2,165.16 2 0
app/pkg/logger/centralized.go:165.16,167.3 1 0
app/pkg/logger/centralized.go:169.2,170.26 2 0
app/pkg/logger/centralized.go:170.26,172.3 1 0
app/pkg/logger/centralized.go:174.2,175.16 2 0
app/pkg/logger/centralized.go:175.16,177.3 1 0
app/pkg/logger/centralized.go:178.2,180.53 2 0
app/pkg/logger/centralized.go:180.53,183.3 2 0
app/pkg/logger/centralized.go:185.2,185.12 1 0
app/pkg/logger/centralized.go:195.74,202.2 1 0
app/pkg/logger/centralized.go:205.71,206.23 1 0
app/pkg/logger/centralized.go:206.23,208.3 1 0
app/pkg/logger/centralized.go:211.2,213.27 2 0
app/pkg/logger/centralized.go:213.27,220.66 2 0
app/pkg/logger/centralized.go:220.66,221.53 1 0
app/pkg/logger/centralized.go:221.53,223.5 1 0
app/pkg/logger/centralized.go:224.4,224.47 1 0
app/pkg/logger/centralized.go:224.47,226.5 1 0
app/pkg/logger/centralized.go:229.3,238.36 2 0
app/pkg/logger/centralized.go:241.2,246.16 3 0
app/pkg/logger/centralized.go:246.16,248.3 1 0
app/pkg/logger/centralized.go:250.2,251.16 2 0
app/pkg/logger/centralized.go:251.16,253.3 1 0
app/pkg/logger/centralized.go:255.2,256.26 2 0
app/pkg/logger/centralized.go:256.26,258.3 1 0
app/pkg/logger/centralized.go:260.2,261.16 2 0
app/pkg/logger/centralized.go:261.16,263.3 1 0
app/pkg/logger/centralized.go:264.2,266.53 2 0
app/pkg/logger/centralized.go:266.53,269.3 2 0
app/pkg/logger/centralized.go:271.2,271.12 1 0
app/pkg/logger/color_handler.go:19.79,27.19 2 0
app/pkg/logger/color_handler.go:27.19,30.3 1 0
app/pkg/logger/color_handler.go:32.2,32.10 1 0
app/pkg/logger/color_handler.go:35.80,37.2 1 0
app/pkg/logger/color_handler.go:39.70,41.2 1 0
app/pkg/logger/color_handler.go:43.64,45.2 1 0
app/pkg/logger/color_handler.go:47.77,49.18 1 0
app/pkg/logger/color_handler.go:49.18,54.34 3 0
app/pkg/logger/color_handler.go:54.34,57.4 2 0
app/pkg/logger/color_handler.go:58.3,58.36 1 0
app/pkg/logger/color_handler.go:61.2,61.27 1 0
app/pkg/logger/color_handler.go:64.65,73.17 5 0
app/pkg/logger/color_handler.go:73.17,75.3 1 0
app/pkg/logger/color_handler.go:76.2,80.33 3 0
app/pkg/logger/color_handler.go:80.33,81.26 1 0
app/pkg/logger/color_handler.go:81.26,84.4 2 0
app/pkg/logger/color_handler.go:85.3,85.14 1 0
app/pkg/logger/color_handler.go:87.2,87.20 1 0
app/pkg/logger/color_handler.go:87.20,89.21 2 0
app/pkg/logger/color_handler.go:89.21,91.4 1 0
app/pkg/logger/color_handler.go:92.3,92.80 1 0
app/pkg/logger/color_handler.go:96.2,101.33 4 0
app/pkg/logger/color_handler.go:101.33,102.47 1 0
app/pkg/logger/color_handler.go:102.47,104.4 1 0
app/pkg/logger/color_handler.go:105.3,105.14 1 0
app/pkg/logger/color_handler.go:108.2,108.20 1 0
app/pkg/logger/color_handler.go:108.20,111.3 2 0
app/pkg/logger/color_handler.go:113.2,113.25 1 0
app/pkg/logger/color_handler.go:116.35,118.23 1 0
app/pkg/logger/color_handler.go:119.16,120.33 1 0
app/pkg/logger/color_handler.go:122.2,122.14 1 0
app/pkg/logger/color_handler.go:126.30,129.2 1 0
app/pkg/logger/context.go:8.75,10.2 1 0
app/pkg/logger/context.go:13.71,15.2 1 0
app/pkg/logger/context.go:18.69,20.2 1 0
app/pkg/logger/context.go:23.73,25.2 1 0
app/pkg/logger/context.go:28.107,34.2 5 0
app/pkg/logger/logger.go:37.30,39.2 1 0
app/pkg/logger/logger.go:41.60,45.32 2 0
app/pkg/logger/logger.go:46.15,47.22 1 0
app/pkg/logger/logger.go:48.14,49.21 1 0
app/pkg/logger/logger.go:50.14,51.21 1 0
app/pkg/logger/logger.go:52.15,53.22 1 0
app/pkg/logger/logger.go:54.15,55.22 1 0
app/pkg/logger/logger.go:56.10,57.21 1 0
app/pkg/logger/logger.go:59.2,65.61 2 0
app/pkg/logger/logger.go:65.61,66.29 1 0
app/pkg/logger/logger.go:66.29,69.5 1 0
app/pkg/logger/logger.go:70.4,70.31 1 0
app/pkg/logger/logger.go:70.31,71.55 1 0
app/pkg/logger/logger.go:71.55,74.6 1 0
app/pkg/logger/logger.go:76.4,76.12 1 0
app/pkg/logger/logger.go:80.2,81.33 2 0
app/pkg/logger/logger.go:82.15,83.14 1 0
app/pkg/logger/logger.go:84.14,85.41 1 0
app/pkg/logger/logger.go:86.25,87.20 1 0
app/pkg/logger/logger.go:87.20,89.4 1 0
app/pkg/logger/logger.go:89.9,91.4 1 0
app/pkg/logger/logger.go:92.10,93.41 1 0
app/pkg/logger/logger.go:96.2,100.3 2 0
app/pkg/logger/logger.go:103.56,105.2 1 0
app/pkg/logger/logger.go:107.57,109.2 1 0
app/pkg/logger/logger.go:111.56,113.2 1 0
app/pkg/logger/logger.go:115.57,117.2 1 0
app/pkg/logger/logger.go:119.57,122.2 2 0
app/pkg/logger/logger.go:125.75,127.2 1 0
app/pkg/logger/logger.go:130.94,131.35 1 0
app/pkg/logger/logger.go:131.35,133.3 1 0
app/pkg/logger/logger.go:135.2,141.19 4 0
app/pkg/logger/logger.go:141.19,143.39 2 0
app/pkg/logger/logger.go:143.39,144.39 1 0
app/pkg/logger/logger.go:144.39,146.5 1 0
app/pkg/logger/logger.go:148.3,148.23 1 0
app/pkg/logger/logger.go:151.2,151.39 1 0
app/pkg/logger/logger.go:155.112,156.35 1 0
app/pkg/logger/logger.go:156.35,158.3 1 0
app/pkg/logger/logger.go:160.2,165.19 4 0
app/pkg/logger/logger.go:165.19,167.39 2 0
app/pkg/logger/logger.go:167.39,168.39 1 0
app/pkg/logger/logger.go:168.39,170.5 1 0
app/pkg/logger/logger.go:172.3,172.23 1 0
app/pkg/logger/logger.go:175.2,175.39 1 0
app/pkg/logger/logger.go:179.80,181.2 1 0
app/pkg/logger/logger.go:183.81,185.2 1 0
app/pkg/logger/logger.go:187.80,189.2 1 0
app/pkg/logger/logger.go:191.81,193.2 1 0
app/pkg/logger/logger.go:196.105,197.35 1 0
app/pkg/logger/logger.go:197.35,199.3 1 0
app/pkg/logger/logger.go:201.2,211.19 6 0
app/pkg/logger/logger.go:211.19,213.39 2 0
app/pkg/logger/logger.go:213.39,214.39 1 0
app/pkg/logger/logger.go:214.39,216.5 1 0
app/pkg/logger/logger.go:218.3,218.23 1 0
app/pkg/logger/logger.go:221.2,221.39 1 0
app/pkg/logger/logger.go:235.64,238.52 2 0
app/pkg/logger/logger.go:238.52,239.59 1 0
app/pkg/logger/logger.go:239.59,241.4 1 0
app/pkg/logger/logger.go:244.2,244.54 1 0
app/pkg/logger/logger.go:244.54,245.65 1 0
app/pkg/logger/logger.go:245.65,247.4 1 0
app/pkg/logger/logger.go:250.2,250.51 1 0
app/pkg/logger/logger.go:250.51,251.62 1 0
app/pkg/logger/logger.go:251.62,253.4 1 0
app/pkg/logger/logger.go:256.2,256.57 1 0
app/pkg/logger/logger.go:256.57,257.68 1 0
app/pkg/logger/logger.go:257.68,259.4 1 0
app/pkg/logger/logger.go:262.2,262.14 1 0
app/pkg/logger/manager.go:31.66,37.18 2 0
app/pkg/logger/manager.go:38.15,39.47 1 0
app/pkg/logger/manager.go:39.47,41.4 1 0
app/pkg/logger/manager.go:42.16,43.14 1 0
app/pkg/logger/manager.go:44.10,45.49 1 0
app/pkg/logger/manager.go:45.49,47.4 1 0
app/pkg/logger/manager.go:50.2,50.17 1 0
app/pkg/logger/manager.go:53.73,64.2 9 0
app/pkg/logger/manager.go:66.71,70.60 2 0
app/pkg/logger/manager.go:70.60,71.17 1 0
app/pkg/logger/manager.go:71.17,73.4 1 0
app/pkg/logger/manager.go:74.3,74.17 1 0
app/pkg/logger/manager.go:74.17,76.4 1 0
app/pkg/logger/manager.go:79.3,79.23 1 0
app/pkg/logger/manager.go:79.23,81.49 2 0
app/pkg/logger/manager.go:81.49,84.5 2 0
app/pkg/logger/manager.go:85.4,86.18 2 0
app/pkg/logger/manager.go:86.18,89.5 2 0
app/pkg/logger/manager.go:90.4,90.15 1 0
app/pkg/logger/manager.go:94.3,95.17 2 0
app/pkg/logger/manager.go:95.17,98.4 2 0
app/pkg/logger/manager.go:99.3,100.12 2 0
app/pkg/logger/manager.go:103.2,111.12 8 0
app/pkg/logger/manager.go:114.58,115.40 1 0
app/pkg/logger/manager.go:115.40,117.3 1 0
app/pkg/logger/manager.go:119.2,119.27 1 0
app/pkg/logger/manager.go:122.41,127.41 2 0
app/pkg/logger/manager.go:127.41,128.36 1 0
app/pkg/logger/manager.go:128.36,130.4 1 0
app/pkg/logger/manager.go:132.2,132.12 1 0
app/pkg/logger/metrics.go:38.56,42.2 1 0
app/pkg/logger/metrics.go:45.137,60.2 4 0
app/pkg/logger/metrics.go:63.145,65.19 2 0
app/pkg/logger/metrics.go:65.19,67.3 1 0
app/pkg/logger/metrics.go:68.2,82.27 5 0
app/pkg/logger/metrics.go:86.124,98.2 2 0
app/pkg/logger/metrics.go:101.125,102.19 1 0
app/pkg/logger/metrics.go:102.19,104.3 1 0
app/pkg/logger/metrics.go:105.2,118.27 4 0
app/pkg/logger/metrics.go:122.129,134.2 2 0
app/pkg/logger/metrics.go:137.72,140.16 2 0
app/pkg/logger/metrics.go:140.16,144.3 2 0
app/pkg/logger/metrics.go:147.2,147.60 1 0
app/pkg/logger/multi_logger.go:12.48,16.2 1 0
app/pkg/logger/multi_logger.go:18.61,19.39 1 0
app/pkg/logger/multi_logger.go:19.39,21.3 1 0
app/pkg/logger/multi_logger.go:23.2,23.39 1 0
app/pkg/logger/multi_logger.go:26.64,28.2 1 0
app/pkg/logger/rotating_writer.go:23.114,33.47 3 0
app/pkg/logger/rotating_writer.go:33.47,35.3 1 0
app/pkg/logger/rotating_writer.go:38.2,38.18 1 0
app/pkg/logger/rotating_writer.go:38.18,39.73 1 0
app/pkg/logger/rotating_writer.go:39.73,41.4 1 0
app/pkg/logger/rotating_writer.go:45.2,46.16 2 0
app/pkg/logger/rotating_writer.go:46.16,48.3 1 0
app/pkg/logger/rotating_writer.go:51.2,52.16 2 0
app/pkg/logger/rotating_writer.go:52.16,55.3 2 0
app/pkg/logger/rotating_writer.go:57.2,60.16 3 0
app/pkg/logger/rotating_writer.go:64.62,69.65 3 0
app/pkg/logger/rotating_writer.go:69.65,70.37 1 0
app/pkg/logger/rotating_writer.go:70.37,72.4 1 0
app/pkg/logger/rotating_writer.go:76.2,77.16 2 0
app/pkg/logger/rotating_writer.go:77.16,79.3 1 0
app/pkg/logger/rotating_writer.go:81.2,82.15 2 0
app/pkg/logger/rotating_writer.go:86.42,88.40 1 0
app/pkg/logger/rotating_writer.go:88.40,90.3 1 0
app/pkg/logger/rotating_writer.go:93.2,93.21 1 0
app/pkg/logger/rotating_writer.go:93.21,95.40 1 0
app/pkg/logger/rotating_writer.go:95.40,100.26 3 0
app/pkg/logger/rotating_writer.go:100.26,101.69 1 0
app/pkg/logger/rotating_writer.go:101.69,103.6 1 0
app/pkg/logger/rotating_writer.go:107.4,107.77 1 0
app/pkg/logger/rotating_writer.go:107.77,109.13 1 0
app/pkg/logger/rotating_writer.go:115.2,116.83 2 0
app/pkg/logger/rotating_writer.go:116.83,118.3 1 0
app/pkg/logger/rotating_writer.go:121.2,122.16 2 0
app/pkg/logger/rotating_writer.go:122.16,124.3 1 0
app/pkg/logger/rotating_writer.go:126.2,129.12 3 0
app/pkg/logger/rotating_writer.go:133.64,134.16 1 0
app/pkg/logger/rotating_writer.go:134.16,136.3 1 0
app/pkg/logger/rotating_writer.go:137.2,137.49 1 0
app/pkg/logger/rotating_writer.go:141.41,145.20 3 0
app/pkg/logger/rotating_writer.go:145.20,147.3 1 0
app/pkg/logger/rotating_writer.go:148.2,148.12 1 0
app/pkg/logger/rotating_writer.go:152.40,156.20 3 0
app/pkg/logger/rotating_writer.go:156.20,158.3 1 0
app/pkg/logger/rotating_writer.go:159.2,159.12 1 0
app/pkg/logger/rotating_writer.go:163.45,168.2 3 0
app/pkg/response/response.go:52.69,60.2 1 0
app/pkg/response/response.go:63.65,70.2 1 0
app/pkg/response/response.go:74.69,80.2 1 0
app/pkg/response/response.go:84.62,90.2 1 0
app/pkg/response/response.go:92.101,100.2 1 0
app/pkg/validation/validator.go:17.54,21.2 1 0
app/pkg/validation/validator.go:24.63,26.2 1 0
app/pkg/validation/validator.go:29.84,31.2 1 0
app/pkg/validation/validator.go:34.89,36.2 1 0
app/pkg/validation/validator.go:39.108,43.20 2 0
app/pkg/validation/validator.go:43.20,45.3 1 0
app/pkg/validation/validator.go:45.8,47.33 1 0
app/pkg/validation/validator.go:47.33,49.4 1 0
app/pkg/validation/validator.go:53.2,53.19 1 0
app/pkg/validation/validator.go:53.19,55.3 1 0
app/pkg/validation/validator.go:58.2,58.21 1 0
app/pkg/validation/validator.go:58.21,60.3 1 0
app/pkg/validation/validator.go:62.2,62.21 1 0
app/pkg/validation/validator.go:62.21,64.3 1 0
app/pkg/validation/validator.go:66.2,66.12 1 0
app/pkg/validation/validator.go:70.44,73.109 1 0
app/pkg/validation/validator.go:73.109,75.3 1 0
app/pkg/validation/validator.go:78.2,79.40 2 0
app/pkg/validation/validator.go:83.69,84.18 1 0
app/pkg/validation/validator.go:84.18,86.3 1 0
app/pkg/validation/validator.go:89.2,90.36 2 0
app/pkg/validation/validator.go:90.36,92.3 1 0
app/pkg/validation/validator.go:94.2,94.12 1 0
app/pkg/validation/validator.go:98.79,114.43 2 0
app/pkg/validation/validator.go:114.43,115.33 1 0
app/pkg/validation/validator.go:115.33,117.4 1 0
app/pkg/validation/validator.go:120.2,120.64 1 0
app/pkg/validation/validator.go:124.73,127.43 2 0
app/pkg/validation/validator.go:127.43,128.30 1 0
app/pkg/validation/validator.go:128.30,130.4 1 0
app/pkg/validation/validator.go:133.2,133.58 1 0
app/pkg/validation/validator.go:137.73,138.20 1 0
app/pkg/validation/validator.go:138.20,140.3 1 0
app/pkg/validation/validator.go:143.2,144.42 2 0
app/pkg/validation/validator.go:144.42,146.3 1 0
app/pkg/validation/validator.go:148.2,148.12 1 0
app/pkg/minio/connector.go:20.72,27.16 2 0
app/pkg/minio/connector.go:27.16,30.3 2 0
app/pkg/minio/connector.go:31.2,37.69 2 0
app/pkg/minio/connector.go:37.69,40.3 2 0
app/pkg/minio/connector.go:42.2,42.23 1 0
app/pkg/minio/connector.go:45.61,50.16 4 0
app/pkg/minio/connector.go:50.16,52.3 1 0
app/pkg/minio/connector.go:54.2,54.13 1 0
app/pkg/minio/connector.go:54.13,58.17 2 0
app/pkg/minio/connector.go:58.17,60.4 1 0
app/pkg/minio/connector.go:62.2,62.12 1 0
app/pkg/minio/connector.go:65.44,67.2 1 0
app/pkg/minio/connector.go:69.41,71.2 1 0
app/pkg/minio/connector.go:73.55,78.16 4 0
app/pkg/minio/connector.go:78.16,80.3 1 0
app/pkg/minio/connector.go:82.2,82.12 1 0
app/test/mocks/logger/logger.go:5.30,7.2 1 0
app/test/mocks/logger/logger.go:9.76,9.77 0 0
app/test/mocks/logger/logger.go:10.76,10.77 0 0
app/test/mocks/logger/logger.go:11.76,11.77 0 0
app/test/mocks/logger/logger.go:12.76,12.77 0 0
app/test/mocks/logger/logger.go:13.76,13.77 0 0
app/test/mocks/logger/logger.go:14.76,14.77 0 0
app/test/mocks/consumer.go:21.38,26.2 1 0
app/test/mocks/consumer.go:28.83,29.9 1 0
app/test/mocks/consumer.go:30.27,31.18 1 0
app/test/mocks/consumer.go:32.25,33.18 1 0
app/test/mocks/consumer.go:34.29,35.66 1 0
app/test/mocks/consumer.go:39.94,41.2 1 0
app/test/mocks/consumer.go:43.64,45.2 1 0
app/test/mocks/consumer.go:47.91,48.9 1 0
app/test/mocks/consumer.go:49.25,49.25 0 0
app/test/mocks/consumer.go:50.20,50.20 0 0
app/test/mocks/consumer.go:54.32,60.2 5 0
app/test/mocks/logger.go:7.30,9.2 1 0
app/test/mocks/logger.go:10.76,10.77 0 0
app/test/mocks/logger.go:11.76,11.77 0 0
app/test/mocks/logger.go:12.76,12.77 0 0
app/test/mocks/logger.go:13.76,13.77 0 0
app/test/mocks/logger.go:14.76,14.77 0 0
app/test/mocks/logger.go:15.76,15.77 0 0
app/test/mocks/logger.go:16.82,16.83 0 0
app/test/mocks/logger.go:17.82,17.83 0 0
app/test/mocks/logger.go:18.82,18.83 0 0
app/test/mocks/logger.go:19.82,19.83 0 0
app/test/mocks/task_llm_usecase.go:21.79,24.2 2 0
app/test/mocks/task_llm_usecase.go:26.95,28.24 2 0
app/test/mocks/task_llm_usecase.go:28.24,30.3 1 0
app/test/mocks/task_llm_usecase.go:31.2,31.50 1 0
app/test/mocks/task_llm_usecase.go:34.132,37.2 2 0
app/test/mocks/task_llm_usecase.go:39.156,42.2 2 0
app/test/mocks/task_llm_usecase.go:44.121,46.24 2 0
app/test/mocks/task_llm_usecase.go:46.24,48.3 1 0
app/test/mocks/task_llm_usecase.go:49.2,49.52 1 0
app/test/mocks/task_llm_usecase.go:52.134,55.2 2 0
app/test/mocks/task_llm_usecase.go:62.181,64.24 2 0
app/test/mocks/task_llm_usecase.go:64.24,66.3 1 0
app/test/mocks/task_llm_usecase.go:67.2,67.58 1 0
app/test/mocks/task_llm_usecase.go:70.92,73.2 2 0
app/test/mocks/task_llm_usecase.go:75.121,77.24 2 0
app/test/mocks/task_llm_usecase.go:77.24,79.3 1 0
app/test/mocks/task_llm_usecase.go:80.2,80.58 1 0
app/test/mocks/task_llm_usecase.go:83.98,86.2 2 0
app/test/mocks/task_llm_usecase.go:88.110,90.24 2 0
app/test/mocks/task_llm_usecase.go:90.24,92.3 1 0
app/test/mocks/task_llm_usecase.go:93.2,93.59 1 0
app/test/mocks/task_llm_usecase.go:96.53,99.2 2 0
app/test/mocks/task_llm_usecase.go:101.95,104.2 2 0
app/test/mocks/task_llm_usecase.go:111.128,114.2 2 0
app/test/mocks/task_llm_usecase.go:116.38,119.2 2 0
app/test/mocks/task_llm_usecase.go:126.141,128.24 2 0
app/test/mocks/task_llm_usecase.go:128.24,130.3 1 0
app/test/mocks/task_llm_usecase.go:131.2,131.47 1 0
app/test/mocks/task_llm_usecase.go:134.90,136.24 2 0
app/test/mocks/task_llm_usecase.go:136.24,138.3 1 0
app/test/mocks/task_llm_usecase.go:139.2,139.50 1 0
app/test/mocks/task_llm_usecase.go:142.96,145.2 2 0
app/test/mocks/task_llm_usecase.go:147.48,149.2 1 0
